c:\users\andrijana\source\repos\asdprojekatandrijanaandjela\nepostojeca kolicina\x64\debug\vc143.pdb
c:\users\andrijana\source\repos\asdprojekatandrijanaandjela\nepostojeca kolicina\x64\debug\vc143.idb
c:\users\andrijana\source\repos\asdprojekatandrijanaandjela\nepostojeca kolicina\x64\debug\misc.obj
c:\users\andrijana\source\repos\asdprojekatandrijanaandjela\nepostojeca kolicina\x64\debug\main.obj
c:\users\andrijana\source\repos\asdprojekatandrijanaandjela\nepostojeca kolicina\x64\debug\nepostojeca kolicina.ilk
c:\users\andrijana\source\repos\asdprojekatandrijanaandjela\nepostojeca kolicina\x64\debug\datoteka.obj
c:\users\andrijana\source\repos\asdprojekatandrijanaandjela\nepostojeca kolicina\x64\debug\kki.obj
c:\users\andrijana\source\repos\asdprojekatandrijanaandjela\nepostojeca kolicina\x64\debug\util.obj
c:\users\andrijana\source\repos\asdprojekatandrijanaandjela\x64\debug\nepostojeca kolicina.pdb
c:\users\andrijana\source\repos\asdprojekatandrijanaandjela\nepostojeca kolicina\x64\debug\nepostoj.dcc57df7.tlog\cl.command.1.tlog
c:\users\andrijana\source\repos\asdprojekatandrijanaandjela\nepostojeca kolicina\x64\debug\nepostoj.dcc57df7.tlog\cl.items.tlog
c:\users\andrijana\source\repos\asdprojekatandrijanaandjela\nepostojeca kolicina\x64\debug\nepostoj.dcc57df7.tlog\cl.read.1.tlog
c:\users\andrijana\source\repos\asdprojekatandrijanaandjela\nepostojeca kolicina\x64\debug\nepostoj.dcc57df7.tlog\cl.write.1.tlog
c:\users\andrijana\source\repos\asdprojekatandrijanaandjela\nepostojeca kolicina\x64\debug\nepostoj.dcc57df7.tlog\link-cvtres.read.1.tlog
c:\users\andrijana\source\repos\asdprojekatandrijanaandjela\nepostojeca kolicina\x64\debug\nepostoj.dcc57df7.tlog\link-cvtres.write.1.tlog
c:\users\andrijana\source\repos\asdprojekatandrijanaandjela\nepostojeca kolicina\x64\debug\nepostoj.dcc57df7.tlog\link-rc.read.1.tlog
c:\users\andrijana\source\repos\asdprojekatandrijanaandjela\nepostojeca kolicina\x64\debug\nepostoj.dcc57df7.tlog\link-rc.write.1.tlog
c:\users\andrijana\source\repos\asdprojekatandrijanaandjela\nepostojeca kolicina\x64\debug\nepostoj.dcc57df7.tlog\link.18884-cvtres.read.1.tlog
c:\users\andrijana\source\repos\asdprojekatandrijanaandjela\nepostojeca kolicina\x64\debug\nepostoj.dcc57df7.tlog\link.18884-cvtres.write.1.tlog
c:\users\andrijana\source\repos\asdprojekatandrijanaandjela\nepostojeca kolicina\x64\debug\nepostoj.dcc57df7.tlog\link.18884-rc.read.1.tlog
c:\users\andrijana\source\repos\asdprojekatandrijanaandjela\nepostojeca kolicina\x64\debug\nepostoj.dcc57df7.tlog\link.18884-rc.write.1.tlog
c:\users\andrijana\source\repos\asdprojekatandrijanaandjela\nepostojeca kolicina\x64\debug\nepostoj.dcc57df7.tlog\link.18884.read.1.tlog
c:\users\andrijana\source\repos\asdprojekatandrijanaandjela\nepostojeca kolicina\x64\debug\nepostoj.dcc57df7.tlog\link.18884.read.2.tlog
c:\users\andrijana\source\repos\asdprojekatandrijanaandjela\nepostojeca kolicina\x64\debug\nepostoj.dcc57df7.tlog\link.18884.read.3.tlog
c:\users\andrijana\source\repos\asdprojekatandrijanaandjela\nepostojeca kolicina\x64\debug\nepostoj.dcc57df7.tlog\link.18884.read.4.tlog
c:\users\andrijana\source\repos\asdprojekatandrijanaandjela\nepostojeca kolicina\x64\debug\nepostoj.dcc57df7.tlog\link.18884.write.1.tlog
c:\users\andrijana\source\repos\asdprojekatandrijanaandjela\nepostojeca kolicina\x64\debug\nepostoj.dcc57df7.tlog\link.command.1.tlog
c:\users\andrijana\source\repos\asdprojekatandrijanaandjela\nepostojeca kolicina\x64\debug\nepostoj.dcc57df7.tlog\link.read.1.tlog
c:\users\andrijana\source\repos\asdprojekatandrijanaandjela\nepostojeca kolicina\x64\debug\nepostoj.dcc57df7.tlog\link.read.2.tlog
c:\users\andrijana\source\repos\asdprojekatandrijanaandjela\nepostojeca kolicina\x64\debug\nepostoj.dcc57df7.tlog\link.read.3.tlog
c:\users\andrijana\source\repos\asdprojekatandrijanaandjela\nepostojeca kolicina\x64\debug\nepostoj.dcc57df7.tlog\link.read.4.tlog
c:\users\andrijana\source\repos\asdprojekatandrijanaandjela\nepostojeca kolicina\x64\debug\nepostoj.dcc57df7.tlog\link.secondary.1.tlog
c:\users\andrijana\source\repos\asdprojekatandrijanaandjela\nepostojeca kolicina\x64\debug\nepostoj.dcc57df7.tlog\link.write.1.tlog
